<?xml version="1.0" encoding="UTF-8"?>
<testsuite xmlns:xsi="http://www.w3.org/2001/XMLSchema-instance" xsi:schemaLocation="https://maven.apache.org/surefire/maven-surefire-plugin/xsd/surefire-test-report.xsd" name="br.ce.wcaquino.tasks.functional.TasksTest" time="11.683" tests="4" errors="0" skipped="0" failures="0">
  <properties>
[...]
</properties>
  <testcase name="deveSalvarTarefaComDataPassada" classname="br.ce.wcaquino.tasks.functional.TasksTest" time="11.683"/>
  <testcase name="naoDeveSalvarTarefaSemData" classname="br.ce.wcaquino.tasks.functional.TasksTest" time="11.55"/>
  <testcase name="naoDeveSalvarTarefaSemDescricao" classname="br.ce.wcaquino.tasks.functional.TasksTest" time="9.636"/>
  <testcase name="deveSalvarTarefaComSucesso" classname="br.ce.wcaquino.tasks.functional.TasksTest" time="9.934"/>
</testsuite>